<?xml version="1.0" encoding="UTF-8"?>
<!-- Generated by org.testng.reporters.JUnitXMLReporter -->
<testsuite ignored="0" hostname="DESKTOP-3NRNP42" failures="0" tests="10" name="Test" time="12.404" errors="0" timestamp="2022-08-11T09:59:07 IST">
  <testcase classname="TestLayer.LoginPageTest" name="validateDisplayedStatusofUsername" time="0.081"/>
  <testcase classname="TestLayer.LoginPageTest" name="validateEnabledStatusofUsername" time="0.039"/>
  <testcase classname="TestLayer.LoginPageTest" name="enterValueInTextBoxAndValidate" time="0.135"/>
  <testcase classname="TestLayer.LoginPageTest" name="validateDisplayedStatusofPassword" time="0.053"/>
  <testcase classname="TestLayer.LoginPageTest" name="validateEnabledStatusofPassword" time="0.029"/>
  <testcase classname="TestLayer.LoginPageTest" name="enterValueInPasswordTextBoxAndValidate" time="0.1"/>
  <testcase classname="TestLayer.LoginPageTest" name="validateDisplayedStatusofLoginButton" time="0.057"/>
  <testcase classname="TestLayer.LoginPageTest" name="validateEnabledStatusofLoginButton" time="0.028"/>
  <testcase classname="TestLayer.LoginPageTest" name="validateLoginButtonValue" time="0.035"/>
  <testcase classname="TestLayer.LoginPageTest" name="clickonLoginButton" time="4.328"/>
</testsuite> <!-- Test -->
