<?xml version="1.0" encoding="UTF-8"?>
<!-- Generated by org.testng.reporters.JUnitXMLReporter -->
<testsuite ignored="0" hostname="DESKTOP-3NRNP42" failures="0" tests="7" name="Home Page Test Cases" time="17.34" errors="0" timestamp="2022-08-12T08:04:29 IST">
  <testcase classname="TestLayer.LoginPageTest" name="validateLoginFunctionality" time="3.563"/>
  <testcase classname="TestLayer.HomePageTest" name="validateHomePageTitle" time="0.021"/>
  <testcase classname="TestLayer.HomePageTest" name="validateHomePageUrl" time="1.204"/>
  <testcase classname="TestLayer.HomePageTest" name="validateHomePageLogo" time="0.069"/>
  <testcase classname="TestLayer.HomePageTest" name="validateHomePagePIMLink" time="2.048"/>
  <testcase classname="TestLayer.HomePageTest" name="validateHomePageAdminLink" time="1.734"/>
  <testcase classname="TestLayer.HomePageTest" name="validateHomePageLeaveLink" time="1.973"/>
</testsuite> <!-- Home Page Test Cases -->
