<?xml version="1.0" encoding="UTF-8"?>
<!-- Generated by org.testng.reporters.JUnitXMLReporter -->
<testsuite ignored="0" hostname="DESKTOP-3NRNP42" failures="0" tests="22" name="PIM Page Test Cases" time="66.983" errors="0" timestamp="2022-08-15T20:57:19 IST">
  <testcase classname="TestLayer.LoginPageTest" name="validateLoginFunctionality" time="9.5"/>
  <testcase classname="TestLayer.HomePageTest" name="validateHomePageTitle" time="0.012"/>
  <testcase classname="TestLayer.HomePageTest" name="validateHomePageUrl" time="0.01"/>
  <testcase classname="TestLayer.HomePageTest" name="validateHomePageLogo" time="0.054"/>
  <testcase classname="TestLayer.HomePageTest" name="validateHomePagePIMLink" time="2.064"/>
  <testcase classname="TestLayer.HomePageTest" name="validateHomePageAdminLink" time="1.654"/>
  <testcase classname="TestLayer.HomePageTest" name="validateHomePageLeaveLink" time="2.069"/>
  <testcase classname="TestLayer.PIMPageTest" name="validatePIMNewEmployee" time="3.803"/>
  <testcase classname="TestLayer.PIMPageTest" name="validatePIMNewEmployee" time="2.837"/>
  <testcase classname="TestLayer.PIMPageTest" name="validatePIMNewEmployee" time="2.761"/>
  <testcase classname="TestLayer.PIMPageTest" name="validatePIMNewEmployee" time="2.55"/>
  <testcase classname="TestLayer.PIMPageTest" name="validatePIMNewEmployee" time="2.878"/>
  <testcase classname="TestLayer.PIMPageTest" name="validatePIMNewEmployee" time="2.553"/>
  <testcase classname="TestLayer.PIMPageTest" name="validatePIMNewEmployee" time="2.798"/>
  <testcase classname="TestLayer.PIMPageTest" name="validatePIMNewEmployee" time="2.61"/>
  <testcase classname="TestLayer.PIMPageTest" name="validatePIMNewEmployee" time="2.915"/>
  <testcase classname="TestLayer.PIMPageTest" name="validatePIMNewEmployee" time="2.915"/>
  <testcase classname="TestLayer.PIMPageTest" name="validatePersonalDetailsInPIMPage" time="0.286"/>
  <testcase classname="TestLayer.PIMPageTest" name="validateDrivingLicenseDate" time="3.034"/>
  <testcase classname="TestLayer.PIMPageTest" name="validateCountryDropDown" time="2.129"/>
  <testcase classname="TestLayer.PIMPageTest" name="validateMaritalStatusDropDown" time="0.293"/>
  <testcase classname="TestLayer.PIMPageTest" name="validateDobDates" time="3.298"/>
</testsuite> <!-- PIM Page Test Cases -->
